2017-10-15 21:10:37Controller:app\Controller\IndexController  action:index
2017-10-15 21:10:37Controller:app\Controller\ImagesController  action:logo.jpg
2017-10-15 21:11:44Controller:app\Controller\IndexController  action:index
2017-10-15 21:14:13Controller:app\Controller\IndexController  action:index
2017-10-15 21:14:48Controller:app\Controller\IndexController  action:index
2017-10-15 21:15:43Controller:app\Controller\IndexController  action:submitApplication
2017-10-15 21:16:01Controller:app\Controller\IndexController  action:submitApplication
2017-10-15 21:16:16Controller:app\Controller\IndexController  action:index
2017-10-15 21:16:32Controller:app\Controller\IndexController  action:submitApplication
2017-10-15 21:18:05Controller:app\Controller\IndexController  action:index
2017-10-15 21:18:51Controller:app\Controller\IndexController  action:index
2017-10-15 21:19:06Controller:app\Controller\IndexController  action:submitApplication
2017-10-15 21:19:25Controller:app\Controller\IndexController  action:submitApplication
2017-10-15 21:19:27Controller:app\Controller\IndexController  action:index
2017-10-15 21:19:49Controller:app\Controller\AdminController  action:index
2017-10-15 21:19:49Controller:app\Controller\CommonController  action:login
2017-10-15 21:21:22Controller:app\Controller\CommonController  action:login
2017-10-15 21:21:42Controller:app\Controller\CommonController  action:login
2017-10-15 21:21:43Controller:app\Controller\AdminController  action:index
2017-10-15 21:21:45Controller:app\Controller\AdminController  action:orderList
2017-10-15 21:21:49Controller:app\Controller\AdminController  action:orderList
2017-10-15 21:21:51Controller:app\Controller\AdminController  action:orderList
2017-10-15 21:23:44Controller:app\Controller\IndexController  action:index
2017-10-15 21:24:39Controller:app\Controller\IndexController  action:index
2017-10-15 21:24:49Controller:app\Controller\IndexController  action:index
2017-10-15 21:25:06Controller:app\Controller\IndexController  action:index
2017-10-15 21:25:08Controller:app\Controller\AdminController  action:orderList
2017-10-15 21:25:55Controller:app\Controller\AdminController  action:orderList
2017-10-15 21:26:38Controller:app\Controller\AdminController  action:orderList
2017-10-15 21:27:04Controller:app\Controller\AdminController  action:orderList
2017-10-15 21:27:16Controller:app\Controller\IndexController  action:index
2017-10-15 21:28:24Controller:app\Controller\IndexController  action:index
2017-10-15 21:29:38Controller:app\Controller\IndexController  action:index
2017-10-15 21:32:40Controller:app\Controller\IndexController  action:index
2017-10-15 21:32:50Controller:app\Controller\IndexController  action:index
2017-10-15 21:33:44Controller:app\Controller\IndexController  action:index
2017-10-15 21:34:19Controller:app\Controller\IndexController  action:index
2017-10-15 21:34:35Controller:app\Controller\IndexController  action:index
2017-10-15 21:34:52Controller:app\Controller\IndexController  action:index
2017-10-15 21:36:35Controller:app\Controller\IndexController  action:index
2017-10-15 21:36:53Controller:app\Controller\IndexController  action:submitApplication
2017-10-15 21:37:35Controller:app\Controller\IndexController  action:index
2017-10-15 21:37:45Controller:app\Controller\IndexController  action:submitApplication
2017-10-15 21:37:46Controller:app\Controller\IndexController  action:index
2017-10-15 21:38:07Controller:app\Controller\AdminController  action:orderList
2017-10-15 21:38:10Controller:app\Controller\AdminController  action:orderList
2017-10-15 21:38:13Controller:app\Controller\AdminController  action:orderList
2017-10-15 21:38:21Controller:app\Controller\AdminController  action:downloadOrder
2017-10-15 21:39:18Controller:app\Controller\IndexController  action:index
2017-10-15 21:41:31Controller:app\Controller\CommonController  action:logout
2017-10-15 21:41:31Controller:app\Controller\CommonController  action:login
2017-10-15 21:43:07Controller:app\Controller\IndexController  action:index
2017-10-15 21:43:08Controller:app\Controller\ResourceController  action:images
2017-10-15 21:43:23Controller:app\Controller\IndexController  action:index
